<?xml version="1.0" encoding="UTF-8"?>
<!-- Generated by org.testng.reporters.JUnitReportReporter -->
<testsuite hostname="LAPTOP-6J0MQ7T8" failures="0" tests="2" name="seleniumPro.TestSix" time="0.040" errors="0" timestamp="2024-02-02T08:56:39 IST" skipped="0">
  <testcase classname="seleniumPro.TestSix" name="TestTwo" time="0.002"/>
  <testcase classname="seleniumPro.TestSix" name="TestOne" time="0.038"/>
</testsuite> <!-- seleniumPro.TestSix -->
