<?xml version="1.0" encoding="UTF-8"?>
<!-- Generated by org.testng.reporters.JUnitReportReporter -->
<testsuite hostname="LAPTOP-6J0MQ7T8" failures="0" tests="2" name="seleniumPro.TestThree" time="0.026" errors="0" timestamp="2024-01-25T09:10:54 IST" skipped="0">
  <testcase classname="seleniumPro.TestThree" name="TestSeven" time="0.021"/>
  <testcase classname="seleniumPro.TestThree" name="TestEight" time="0.005"/>
</testsuite> <!-- seleniumPro.TestThree -->
