<?xml version="1.0" encoding="UTF-8"?>
<!-- Generated by org.testng.reporters.JUnitReportReporter -->
<testsuite hostname="LAPTOP-6J0MQ7T8" failures="0" tests="4" name="seleniumPro.TestFour" time="0.018" errors="0" timestamp="2024-01-26T09:14:17 IST" skipped="0">
  <testcase classname="seleniumPro.TestFour" name="TestFour" time="0.008"/>
  <testcase classname="seleniumPro.TestFour" name="TestThree" time="0.003"/>
  <testcase classname="seleniumPro.TestFour" name="TestOne" time="0.005"/>
  <testcase classname="seleniumPro.TestFour" name="TestTwo" time="0.002"/>
</testsuite> <!-- seleniumPro.TestFour -->
