<?xml version="1.0" encoding="UTF-8"?>
<!-- Generated by org.testng.reporters.JUnitReportReporter -->
<testsuite hostname="LAPTOP-6J0MQ7T8" failures="0" tests="4" name="seleniumPro.seleniumThirteen" time="22.431" errors="0" timestamp="2024-02-08T20:00:36 IST" skipped="0">
  <testcase classname="seleniumPro.seleniumThirteen" name="LoginTest" time="7.279"/>
  <testcase classname="seleniumPro.seleniumThirteen" name="LoginTest" time="2.993"/>
  <testcase classname="seleniumPro.seleniumThirteen" name="LoginTest" time="3.453"/>
  <testcase classname="seleniumPro.seleniumThirteen" name="LoginTest" time="8.706"/>
</testsuite> <!-- seleniumPro.seleniumThirteen -->
