<?xml version="1.0" encoding="UTF-8"?>
<!-- Generated by org.testng.reporters.JUnitReportReporter -->
<testsuite hostname="LAPTOP-6J0MQ7T8" failures="0" tests="2" name="seleniumPro.TestFive" time="8.289" errors="0" timestamp="2024-01-26T09:32:36 IST" skipped="0">
  <testcase classname="seleniumPro.TestFive" name="VerifyTitle" time="3.351"/>
  <testcase classname="seleniumPro.TestFive" name="VerifyCurrentUrl" time="4.938"/>
</testsuite> <!-- seleniumPro.TestFive -->
