<?xml version="1.0" encoding="UTF-8"?>
<!-- Generated by org.testng.reporters.JUnitReportReporter -->
<testsuite hostname="LAPTOP-6J0MQ7T8" failures="0" tests="2" name="seleniumPro.TestTen" time="0.009" errors="0" timestamp="2024-02-03T09:08:29 IST" skipped="0">
  <testcase classname="seleniumPro.TestTen" name="TestCEleven" time="0.008"/>
  <testcase classname="seleniumPro.TestTen" name="TestNine" time="0.001"/>
</testsuite> <!-- seleniumPro.TestTen -->
