<?xml version="1.0" encoding="UTF-8"?>
<!-- Generated by org.testng.reporters.JUnitReportReporter -->
<testsuite hostname="LAPTOP-6J0MQ7T8" failures="0" tests="3" name="seleniumPro.TestTwo" time="0.004" errors="0" timestamp="2024-01-25T09:10:46 IST" skipped="0">
  <testcase classname="seleniumPro.TestTwo" name="TestThree" time="0.001"/>
  <testcase classname="seleniumPro.TestTwo" name="TestFive" time="0.002"/>
  <testcase classname="seleniumPro.TestTwo" name="TestFour" time="0.001"/>
</testsuite> <!-- seleniumPro.TestTwo -->
