<?xml version="1.0" encoding="UTF-8"?>
<!-- Generated by org.testng.reporters.JUnitReportReporter -->
<testsuite hostname="LAPTOP-6J0MQ7T8" failures="0" tests="1" name="seleniumPro.TestEight" time="0.010" errors="0" timestamp="2024-02-03T08:57:18 IST" skipped="0">
  <testcase classname="seleniumPro.TestEight" name="Testthree" time="0.010"/>
</testsuite> <!-- seleniumPro.TestEight -->
