<?xml version="1.0" encoding="UTF-8"?>
<!-- Generated by org.testng.reporters.JUnitReportReporter -->
<testsuite hostname="LAPTOP-6J0MQ7T8" failures="0" tests="1" name="seleniumPro.TestEleven" time="0.010" errors="0" timestamp="2024-02-06T08:52:02 IST" skipped="0">
  <testcase classname="seleniumPro.TestEleven" name="TestCase11" time="0.010"/>
</testsuite> <!-- seleniumPro.TestEleven -->
