<?xml version="1.0" encoding="UTF-8"?>
<!-- Generated by org.testng.reporters.JUnitReportReporter -->
<testsuite hostname="LAPTOP-6J0MQ7T8" failures="0" tests="2" name="seleniumPro.TestSeven" time="0.003" errors="0" timestamp="2024-02-02T08:56:39 IST" skipped="0">
  <testcase classname="seleniumPro.TestSeven" name="Testthree" time="0.002"/>
  <testcase classname="seleniumPro.TestSeven" name="Testfour" time="0.001"/>
</testsuite> <!-- seleniumPro.TestSeven -->
