<?xml version="1.0" encoding="UTF-8"?>
<!-- Generated by org.testng.reporters.JUnitReportReporter -->
<testsuite hostname="LAPTOP-6J0MQ7T8" failures="0" tests="3" name="seleniumPro.TestOne" time="0.022" errors="0" timestamp="2024-01-25T09:10:46 IST" skipped="0">
  <testcase classname="seleniumPro.TestOne" name="TestThree" time="0.002"/>
  <testcase classname="seleniumPro.TestOne" name="TestTwo" time="0.013"/>
  <testcase classname="seleniumPro.TestOne" name="TestOne" time="0.007"/>
</testsuite> <!-- seleniumPro.TestOne -->
