<?xml version="1.0" encoding="UTF-8"?>
<!-- Generated by org.testng.reporters.JUnitReportReporter -->
<testsuite hostname="LAPTOP-6J0MQ7T8" failures="0" tests="3" name="seleniumPro.TestNine" time="0.022" errors="0" timestamp="2024-02-03T09:05:03 IST" skipped="0">
  <testcase classname="seleniumPro.TestNine" name="Testone" time="0.002"/>
  <testcase classname="seleniumPro.TestNine" name="Testthree" time="0.011"/>
  <testcase classname="seleniumPro.TestNine" name="TestFive" time="0.009"/>
</testsuite> <!-- seleniumPro.TestNine -->
